<?xml version="1.0" encoding="UTF-8"?>
<!-- Generated by org.testng.reporters.JUnitXMLReporter -->
<testsuite hostname="ANKUR-JH9R5PSD" ignored="0" name="Login" tests="4" failures="2" timestamp="2022-03-19T10:02:35 IST" time="29.989" errors="0">
  <testcase name="LoginPageTitleTest" time="0.013" classname="com.qa.TestCases.LoginPageTest">
    <failure type="java.lang.AssertionError" message="expected [ACME System 1 - Log In] but found [ACME System 1 -  Log In]">
      <![CDATA[java.lang.AssertionError: expected [ACME System 1 - Log In] but found [ACME System 1 -  Log In]
at com.qa.TestCases.LoginPageTest.LoginPageTitleTest(LoginPageTest.java:35)
at java.util.ArrayList.forEach(ArrayList.java:1249)
... Removed 37 stack frames]]>
    </failure>
  </testcase> <!-- LoginPageTitleTest -->
  <testcase name="AppLoginTest" time="8.917" classname="com.qa.TestCases.LoginPageTest"/>
  <testcase name="HomePageTitleTest" time="0.01" classname="com.qa.TestCases.HomePageTest">
    <failure type="java.lang.AssertionError" message="Homepage title mismatch expected [CME System 1 -  Dashboard] but found [ACME System 1 - Dashboard]">
      <![CDATA[java.lang.AssertionError: Homepage title mismatch expected [CME System 1 -  Dashboard] but found [ACME System 1 - Dashboard]
at com.qa.TestCases.HomePageTest.HomePageTitleTest(HomePageTest.java:37)
at java.util.ArrayList.forEach(ArrayList.java:1249)
... Removed 36 stack frames]]>
    </failure>
  </testcase> <!-- HomePageTitleTest -->
  <testcase name="HomePageUsernameTest" time="0.04" classname="com.qa.TestCases.HomePageTest"/>
</testsuite> <!-- Login -->
